<?xml version="1.0" encoding="UTF-8"?>
<!-- Generated by org.testng.reporters.JUnitReportReporter -->
<testsuite hostname="DESKTOP-R8LNRUV" failures="0" tests="4" name="CICDDemoGUI.CICDDemoGUI.TestCase1" time="30.856" errors="0" timestamp="2022-11-14T21:31:31 MYT" skipped="0">
  <testcase classname="CICDDemoGUI.CICDDemoGUI.TestCase1" name="test1" time="4.328"/>
  <system-out/>
  <testcase classname="CICDDemoGUI.CICDDemoGUI.TestCase1" name="test3" time="4.346"/>
  <system-out/>
  <testcase classname="CICDDemoGUI.CICDDemoGUI.TestCase1" name="test4" time="16.999"/>
  <system-out/>
  <testcase classname="CICDDemoGUI.CICDDemoGUI.TestCase1" name="test2" time="5.183"/>
  <system-out/>
</testsuite> <!-- CICDDemoGUI.CICDDemoGUI.TestCase1 -->
